<?xml version="1.0" encoding="UTF-8"?>
<!-- Generated by org.testng.reporters.JUnitXMLReporter -->
<testsuite ignored="0" hostname="IX5CD435GCKM" failures="0" tests="6" name="Test" time="66.622" errors="0" timestamp="2024-12-06T15:18:25 IST">
  <testcase classname="testCases.TC001_AccountRegisterationTest" name="verify_account" time="3.671"/>
  <testcase classname="testCases.TC002_LoginTest" name="verify_Login" time="2.892"/>
  <testcase classname="testCases.TC003_LoginDDT" name="verify_loginDDT" time="2.25"/>
  <testcase classname="testCases.TC003_LoginDDT" name="verify_loginDDT" time="11.506"/>
  <testcase classname="testCases.TC003_LoginDDT" name="verify_loginDDT" time="11.837"/>
  <testcase classname="testCases.TC003_LoginDDT" name="verify_loginDDT" time="2.966"/>
</testsuite> <!-- Test -->
