<?xml version="1.0" encoding="UTF-8"?>
<testng-results ignored="0" total="6" passed="6" failed="0" skipped="0">
  <reporter-output>
  </reporter-output>
  <suite started-at="2024-12-06T15:17:15 IST" name="Suite" finished-at="2024-12-06T15:18:22 IST" duration-ms="66622">
    <groups>
      <group name="Master">
        <method signature="TC001_AccountRegisterationTest.verify_account()[pri:0, instance:testCases.TC001_AccountRegisterationTest@74c79fa2]" name="verify_account" class="testCases.TC001_AccountRegisterationTest"/>
        <method signature="TC002_LoginTest.verify_Login()[pri:0, instance:testCases.TC002_LoginTest@63a270c9]" name="verify_Login" class="testCases.TC002_LoginTest"/>
      </group> <!-- Master -->
      <group name="datadriven">
        <method signature="TC003_LoginDDT.verify_loginDDT(java.lang.String,java.lang.String,java.lang.String)[pri:0, instance:testCases.TC003_LoginDDT@37c7595]" name="verify_loginDDT" class="testCases.TC003_LoginDDT"/>
      </group> <!-- datadriven -->
      <group name="Sanity">
        <method signature="TC002_LoginTest.verify_Login()[pri:0, instance:testCases.TC002_LoginTest@63a270c9]" name="verify_Login" class="testCases.TC002_LoginTest"/>
      </group> <!-- Sanity -->
      <group name="Regression">
        <method signature="TC001_AccountRegisterationTest.verify_account()[pri:0, instance:testCases.TC001_AccountRegisterationTest@74c79fa2]" name="verify_account" class="testCases.TC001_AccountRegisterationTest"/>
      </group> <!-- Regression -->
    </groups>
    <test started-at="2024-12-06T15:17:15 IST" name="Test" finished-at="2024-12-06T15:18:22 IST" duration-ms="66622">
      <class name="testCases.TC002_LoginTest">
        <test-method is-config="true" signature="setup(java.lang.String,java.lang.String)[pri:0, instance:testCases.TC002_LoginTest@63a270c9]" started-at="2024-12-06T15:17:30 IST" name="setup" finished-at="2024-12-06T15:17:38 IST" duration-ms="7778" status="PASS">
          <params>
            <param index="0">
              <value>
                <![CDATA[Windows]]>
              </value>
            </param>
            <param index="1">
              <value>
                <![CDATA[chrome]]>
              </value>
            </param>
          </params>
          <reporter-output>
          </reporter-output>
        </test-method> <!-- setup -->
        <test-method signature="verify_Login()[pri:0, instance:testCases.TC002_LoginTest@63a270c9]" started-at="2024-12-06T15:17:38 IST" name="verify_Login" finished-at="2024-12-06T15:17:41 IST" duration-ms="2892" status="PASS">
          <reporter-output>
          </reporter-output>
        </test-method> <!-- verify_Login -->
        <test-method is-config="true" signature="tearDown()[pri:0, instance:testCases.TC002_LoginTest@63a270c9]" started-at="2024-12-06T15:17:41 IST" name="tearDown" finished-at="2024-12-06T15:17:42 IST" duration-ms="1300" status="PASS">
          <reporter-output>
          </reporter-output>
        </test-method> <!-- tearDown -->
      </class> <!-- testCases.TC002_LoginTest -->
      <class name="testCases.TC003_LoginDDT">
        <test-method is-config="true" signature="setup(java.lang.String,java.lang.String)[pri:0, instance:testCases.TC003_LoginDDT@37c7595]" started-at="2024-12-06T15:17:42 IST" name="setup" finished-at="2024-12-06T15:17:49 IST" duration-ms="6921" status="PASS">
          <params>
            <param index="0">
              <value>
                <![CDATA[Windows]]>
              </value>
            </param>
            <param index="1">
              <value>
                <![CDATA[chrome]]>
              </value>
            </param>
          </params>
          <reporter-output>
          </reporter-output>
        </test-method> <!-- setup -->
        <test-method signature="verify_loginDDT(java.lang.String,java.lang.String,java.lang.String)[pri:0, instance:testCases.TC003_LoginDDT@37c7595]" started-at="2024-12-06T15:17:51 IST" name="verify_loginDDT" data-provider="LoginData" finished-at="2024-12-06T15:17:54 IST" duration-ms="2250" status="PASS">
          <params>
            <param index="0">
              <value>
                <![CDATA[inoue@gmail.com]]>
              </value>
            </param>
            <param index="1">
              <value>
                <![CDATA[innoue@123]]>
              </value>
            </param>
            <param index="2">
              <value>
                <![CDATA[Valid]]>
              </value>
            </param>
          </params>
          <reporter-output>
          </reporter-output>
        </test-method> <!-- verify_loginDDT -->
        <test-method signature="verify_loginDDT(java.lang.String,java.lang.String,java.lang.String)[pri:0, instance:testCases.TC003_LoginDDT@37c7595]" started-at="2024-12-06T15:17:54 IST" name="verify_loginDDT" data-provider="LoginData" finished-at="2024-12-06T15:18:05 IST" duration-ms="11506" status="PASS">
          <params>
            <param index="0">
              <value>
                <![CDATA[Abcaa@gmial.com]]>
              </value>
            </param>
            <param index="1">
              <value>
                <![CDATA[Abc@1233]]>
              </value>
            </param>
            <param index="2">
              <value>
                <![CDATA[Invalid]]>
              </value>
            </param>
          </params>
          <reporter-output>
          </reporter-output>
        </test-method> <!-- verify_loginDDT -->
        <test-method signature="verify_loginDDT(java.lang.String,java.lang.String,java.lang.String)[pri:0, instance:testCases.TC003_LoginDDT@37c7595]" started-at="2024-12-06T15:18:05 IST" name="verify_loginDDT" data-provider="LoginData" finished-at="2024-12-06T15:18:17 IST" duration-ms="11837" status="PASS">
          <params>
            <param index="0">
              <value>
                <![CDATA[lore@gmail.com]]>
              </value>
            </param>
            <param index="1">
              <value>
                <![CDATA[rolex@132]]>
              </value>
            </param>
            <param index="2">
              <value>
                <![CDATA[Invalid]]>
              </value>
            </param>
          </params>
          <reporter-output>
          </reporter-output>
        </test-method> <!-- verify_loginDDT -->
        <test-method signature="verify_loginDDT(java.lang.String,java.lang.String,java.lang.String)[pri:0, instance:testCases.TC003_LoginDDT@37c7595]" started-at="2024-12-06T15:18:17 IST" name="verify_loginDDT" data-provider="LoginData" finished-at="2024-12-06T15:18:20 IST" duration-ms="2966" status="PASS">
          <params>
            <param index="0">
              <value>
                <![CDATA[rolexlivi@gmail.com]]>
              </value>
            </param>
            <param index="1">
              <value>
                <![CDATA[RolexEvi@123]]>
              </value>
            </param>
            <param index="2">
              <value>
                <![CDATA[Valid]]>
              </value>
            </param>
          </params>
          <reporter-output>
          </reporter-output>
        </test-method> <!-- verify_loginDDT -->
        <test-method is-config="true" signature="tearDown()[pri:0, instance:testCases.TC003_LoginDDT@37c7595]" started-at="2024-12-06T15:18:20 IST" name="tearDown" finished-at="2024-12-06T15:18:22 IST" duration-ms="1966" status="PASS">
          <reporter-output>
          </reporter-output>
        </test-method> <!-- tearDown -->
      </class> <!-- testCases.TC003_LoginDDT -->
      <class name="testCases.TC001_AccountRegisterationTest">
        <test-method is-config="true" signature="setup(java.lang.String,java.lang.String)[pri:0, instance:testCases.TC001_AccountRegisterationTest@74c79fa2]" started-at="2024-12-06T15:17:16 IST" name="setup" finished-at="2024-12-06T15:17:25 IST" duration-ms="9618" status="PASS">
          <params>
            <param index="0">
              <value>
                <![CDATA[Windows]]>
              </value>
            </param>
            <param index="1">
              <value>
                <![CDATA[chrome]]>
              </value>
            </param>
          </params>
          <reporter-output>
          </reporter-output>
        </test-method> <!-- setup -->
        <test-method signature="verify_account()[pri:0, instance:testCases.TC001_AccountRegisterationTest@74c79fa2]" started-at="2024-12-06T15:17:25 IST" name="verify_account" finished-at="2024-12-06T15:17:29 IST" duration-ms="3671" status="PASS">
          <reporter-output>
          </reporter-output>
        </test-method> <!-- verify_account -->
        <test-method is-config="true" signature="tearDown()[pri:0, instance:testCases.TC001_AccountRegisterationTest@74c79fa2]" started-at="2024-12-06T15:17:29 IST" name="tearDown" finished-at="2024-12-06T15:17:30 IST" duration-ms="1568" status="PASS">
          <reporter-output>
          </reporter-output>
        </test-method> <!-- tearDown -->
      </class> <!-- testCases.TC001_AccountRegisterationTest -->
    </test> <!-- Test -->
  </suite> <!-- Suite -->
</testng-results>
